Using pre-set license
Built from '2020.3/staging' branch; Version is '2020.3.0f1 (c7b5465681fb) revision 13088070'; Using compiler version '192528614'; Build Type 'Release'
OS: 'Windows 10 Home; OS build 19042.906; Version 2009; 64bit' Language: 'en' Physical Memory: 16253 MB
BatchMode: 1, IsHumanControllingUs: 0, StartBugReporterOnCrash: 0, Is64bit: 1, IsPro: 0

 COMMAND LINE ARGUMENTS:
C:\Program Files\Unity\2020.3.0f1\Editor\Unity.exe
-adb2
-batchMode
-noUpm
-name
AssetImportWorker0
-projectPath
D:/OFFICIAL/RESEARCH/Projects/CMWS/Openhaptics
-logFile
Logs/AssetImportWorker0.log
-srvPort
62214
Successfully changed project path to: D:/OFFICIAL/RESEARCH/Projects/CMWS/Openhaptics
D:/OFFICIAL/RESEARCH/Projects/CMWS/Openhaptics
Using Asset Import Pipeline V2.
Refreshing native plugins compatible for Editor in 26.03 ms, found 1 plugins.
Preloading 0 native plugins for Editor in 0.00 ms.
Initialize engine version: 2020.3.0f1 (c7b5465681fb)
[Subsystems] Discovering subsystems at path C:/Program Files/Unity/2020.3.0f1/Editor/Data/Resources/UnitySubsystems
[Subsystems] Discovering subsystems at path D:/OFFICIAL/RESEARCH/Projects/CMWS/Openhaptics/Assets
GfxDevice: creating device client; threaded=0
Direct3D:
    Version:  Direct3D 11.0 [level 11.1]
    Renderer: NVIDIA GeForce GTX 1060 (ID=0x1c60)
    Vendor:   
    VRAM:     6052 MB
    Driver:   27.21.14.6172
Initialize mono
Mono path[0] = 'C:/Program Files/Unity/2020.3.0f1/Editor/Data/Managed'
Mono path[1] = 'C:/Program Files/Unity/2020.3.0f1/Editor/Data/MonoBleedingEdge/lib/mono/unityjit'
Mono config path = 'C:/Program Files/Unity/2020.3.0f1/Editor/Data/MonoBleedingEdge/etc'
Using monoOptions --debugger-agent=transport=dt_socket,embedding=1,server=y,suspend=n,address=127.0.0.1:56780
Begin MonoManager ReloadAssembly
Registering precompiled unity dll's ...
Register platform support module: C:/Program Files/Unity/2020.3.0f1/Editor/Data/PlaybackEngines/WindowsStandaloneSupport/UnityEditor.WindowsStandalone.Extensions.dll
Registered in 0.002194 seconds.
Native extension for WindowsStandalone target not found
Refreshing native plugins compatible for Editor in 26.70 ms, found 1 plugins.
Preloading 0 native plugins for Editor in 0.00 ms.
Invoked RoslynAnalysisRunner static constructor.
RoslynAnalysisRunner will not be running.
RoslynAnalysisRunner has terminated.
Mono: successfully reloaded assembly
- Completed reload, in  1.053 seconds
Platform modules already initialized, skipping
Registering precompiled user dll's ...
Registered in 0.001168 seconds.
Begin MonoManager ReloadAssembly
Native extension for WindowsStandalone target not found
Refreshing native plugins compatible for Editor in 0.22 ms, found 1 plugins.
Preloading 0 native plugins for Editor in 0.00 ms.
Invoked RoslynAnalysisRunner static constructor.
RoslynAnalysisRunner will not be running.
RoslynAnalysisRunner has terminated.
Mono: successfully reloaded assembly
- Completed reload, in  0.953 seconds
Platform modules already initialized, skipping
========================================================================
Worker process is ready to serve import requests
Launched and connected shader compiler UnityShaderCompiler.exe after 0.06 seconds
Refreshing native plugins compatible for Editor in 0.21 ms, found 1 plugins.
Preloading 0 native plugins for Editor in 0.00 ms.
Unloading 1128 Unused Serialized files (Serialized files now loaded: 0)
System memory in use before: 57.2 MB.
System memory in use after: 57.3 MB.

Unloading 11 unused Assets to reduce memory usage. Loaded Objects now: 1569.
Total: 2.042000 ms (FindLiveObjects: 0.158500 ms CreateObjectMapping: 0.044200 ms MarkObjects: 1.720500 ms  DeleteObjects: 0.117500 ms)

========================================================================
Received Import Request.
  path: Assets/OpenHaptics
  artifactKey: Guid(c1d02b538f3d50047a145f1316b5472d) Importer(815301076,1909f56bfc062723c751e8b465ee728b)
Start importing Assets/OpenHaptics using Guid(c1d02b538f3d50047a145f1316b5472d) Importer(815301076,1909f56bfc062723c751e8b465ee728b)  -> (artifact id: 'f370d67234a3c559800058833732cd49') in 0.011663 seconds
  Import took 0.014074 seconds .

========================================================================
Received Import Request.
  Time since last request: 34.489107 seconds.
  path: Assets/OpenHaptics/HapticDemos/shape_touching_test.unity
  artifactKey: Guid(5919f900901fe4048aa7529f2cf1db5e) Importer(815301076,1909f56bfc062723c751e8b465ee728b)
Start importing Assets/OpenHaptics/HapticDemos/shape_touching_test.unity using Guid(5919f900901fe4048aa7529f2cf1db5e) Importer(815301076,1909f56bfc062723c751e8b465ee728b)  -> (artifact id: '7abe566e7c1257811f84a457f529acce') in 0.019097 seconds
  Import took 0.021052 seconds .

========================================================================
Received Import Request.
  Time since last request: 3.076172 seconds.
  path: Assets/OpenHaptics/HapticDemos/Hello_Haptics.unity
  artifactKey: Guid(6d75920bc18f1a14aa44931f7e82346a) Importer(815301076,1909f56bfc062723c751e8b465ee728b)
Start importing Assets/OpenHaptics/HapticDemos/Hello_Haptics.unity using Guid(6d75920bc18f1a14aa44931f7e82346a) Importer(815301076,1909f56bfc062723c751e8b465ee728b)  -> (artifact id: 'e892f618b780586863d8238c4441eef8') in 0.016688 seconds
  Import took 0.019208 seconds .

========================================================================
Received Import Request.
  Time since last request: 63.237039 seconds.
  path: ProjectSettings/TagManager.asset
  artifactKey: Guid(00000000000000003000000000000000) Importer(815301076,1909f56bfc062723c751e8b465ee728b)
Start importing ProjectSettings/TagManager.asset using Guid(00000000000000003000000000000000) Importer(815301076,1909f56bfc062723c751e8b465ee728b)  -> (artifact id: 'e58c32c74971579209c983feef23e212') in 0.025813 seconds
  Import took 0.028079 seconds .

========================================================================
Received Import Request.
  Time since last request: 0.006410 seconds.
  path: ProjectSettings/TagManager.asset
  artifactKey: Guid(00000000000000003000000000000000) Importer(815301076,1909f56bfc062723c751e8b465ee728b)
Start importing ProjectSettings/TagManager.asset using Guid(00000000000000003000000000000000) Importer(815301076,1909f56bfc062723c751e8b465ee728b)  -> (artifact id: 'e58c32c74971579209c983feef23e212') in 0.003526 seconds
  Import took 0.005391 seconds .

========================================================================
Received Prepare
Registering precompiled user dll's ...
Registered in 0.001003 seconds.
Begin MonoManager ReloadAssembly
Native extension for WindowsStandalone target not found
Refreshing native plugins compatible for Editor in 0.22 ms, found 1 plugins.
Preloading 0 native plugins for Editor in 0.00 ms.
Invoked RoslynAnalysisRunner static constructor.
RoslynAnalysisRunner will not be running.
RoslynAnalysisRunner has terminated.
Mono: successfully reloaded assembly
- Completed reload, in  0.949 seconds
Platform modules already initialized, skipping
Refreshing native plugins compatible for Editor in 0.38 ms, found 1 plugins.
Preloading 0 native plugins for Editor in 0.00 ms.
Unloading 1123 Unused Serialized files (Serialized files now loaded: 0)
System memory in use before: 57.2 MB.
System memory in use after: 57.3 MB.

Unloading 8 unused Assets to reduce memory usage. Loaded Objects now: 1572.
Total: 2.453000 ms (FindLiveObjects: 0.432700 ms CreateObjectMapping: 0.187700 ms MarkObjects: 1.723400 ms  DeleteObjects: 0.107600 ms)

========================================================================
Received Prepare
Registering precompiled user dll's ...
Registered in 0.000766 seconds.
Begin MonoManager ReloadAssembly
Native extension for WindowsStandalone target not found
Refreshing native plugins compatible for Editor in 0.22 ms, found 1 plugins.
Preloading 0 native plugins for Editor in 0.00 ms.
Invoked RoslynAnalysisRunner static constructor.
RoslynAnalysisRunner will not be running.
RoslynAnalysisRunner has terminated.
Mono: successfully reloaded assembly
- Completed reload, in  0.844 seconds
Platform modules already initialized, skipping
Refreshing native plugins compatible for Editor in 0.23 ms, found 1 plugins.
Preloading 0 native plugins for Editor in 0.00 ms.
Unloading 1123 Unused Serialized files (Serialized files now loaded: 0)
System memory in use before: 57.2 MB.
System memory in use after: 57.3 MB.

Unloading 6 unused Assets to reduce memory usage. Loaded Objects now: 1575.
Total: 1.989800 ms (FindLiveObjects: 0.312400 ms CreateObjectMapping: 0.104500 ms MarkObjects: 1.473000 ms  DeleteObjects: 0.098000 ms)

========================================================================
Received Prepare
Registering precompiled user dll's ...
Registered in 0.001680 seconds.
Begin MonoManager ReloadAssembly
Native extension for WindowsStandalone target not found
Refreshing native plugins compatible for Editor in 0.26 ms, found 2 plugins.
Preloading 0 native plugins for Editor in 0.00 ms.
Invoked RoslynAnalysisRunner static constructor.
RoslynAnalysisRunner will not be running.
RoslynAnalysisRunner has terminated.
Mono: successfully reloaded assembly
- Completed reload, in  0.819 seconds
Platform modules already initialized, skipping
Refreshing native plugins compatible for Editor in 0.25 ms, found 2 plugins.
Preloading 0 native plugins for Editor in 0.00 ms.
Unloading 1132 Unused Serialized files (Serialized files now loaded: 0)
System memory in use before: 58.2 MB.
System memory in use after: 58.1 MB.

Unloading 9 unused Assets to reduce memory usage. Loaded Objects now: 1584.
Total: 2.122100 ms (FindLiveObjects: 0.209400 ms CreateObjectMapping: 0.043400 ms MarkObjects: 1.633500 ms  DeleteObjects: 0.234300 ms)

========================================================================
Received Import Request.
  Time since last request: 504.857243 seconds.
  path: Assets/OptiTrack/Scenes/OptiTrackScene.unity
  artifactKey: Guid(76c7abd47045b074aa8e21f108eb87ac) Importer(815301076,1909f56bfc062723c751e8b465ee728b)
Start importing Assets/OptiTrack/Scenes/OptiTrackScene.unity using Guid(76c7abd47045b074aa8e21f108eb87ac) Importer(815301076,1909f56bfc062723c751e8b465ee728b)  -> (artifact id: 'd92e40bca4158fd6025f29054d96f599') in 0.023391 seconds
  Import took 0.025648 seconds .

========================================================================
Received Import Request.
  Time since last request: 34.086034 seconds.
  path: Assets/OptiTrack/Prefabs/Client - OptiTrack.prefab
  artifactKey: Guid(9a32d482689653847b22155fb3096f79) Importer(815301076,1909f56bfc062723c751e8b465ee728b)
Start importing Assets/OptiTrack/Prefabs/Client - OptiTrack.prefab using Guid(9a32d482689653847b22155fb3096f79) Importer(815301076,1909f56bfc062723c751e8b465ee728b)  -> (artifact id: '62cedddb6b7b1b574411dc2df90090c4') in 0.027161 seconds
  Import took 0.029699 seconds .

========================================================================
Received Import Request.
  Time since last request: 0.000297 seconds.
  path: Assets/OptiTrack/Prefabs/Rigid Body.prefab
  artifactKey: Guid(1e09d962f56189d46ad6bcd146c01a77) Importer(815301076,1909f56bfc062723c751e8b465ee728b)
Start importing Assets/OptiTrack/Prefabs/Rigid Body.prefab using Guid(1e09d962f56189d46ad6bcd146c01a77) Importer(815301076,1909f56bfc062723c751e8b465ee728b)  -> (artifact id: 'bf9df273e37eafeb47f5f627151de1b3') in 0.108096 seconds
  Import took 0.111637 seconds .

========================================================================
Received Import Request.
  Time since last request: 0.000809 seconds.
  path: Assets/OptiTrack/Prefabs/Retargeted Skeleton - OptiTrack.prefab
  artifactKey: Guid(afbc9c9b98650e44f97662b4f503c261) Importer(815301076,1909f56bfc062723c751e8b465ee728b)
Start importing Assets/OptiTrack/Prefabs/Retargeted Skeleton - OptiTrack.prefab using Guid(afbc9c9b98650e44f97662b4f503c261) Importer(815301076,1909f56bfc062723c751e8b465ee728b)  -> (artifact id: 'd2df90debda5ad45ca2c12b5d94fe289') in 0.367811 seconds
  Import took 0.372574 seconds .

AssetImportWorkerClient::OnTransportError - code=2 error=End of file
